#
# A fatal error has been detected by the Java Runtime Environment:
#
#  EXCEPTION_ACCESS_VIOLATION (0xc0000005) at pc=0x00000000693878bd, pid=6756, tid=6184
#
# JRE version: 7.0_05-b06
# Java VM: Java HotSpot(TM) 64-Bit Server VM (23.1-b03 mixed mode windows-amd64 compressed oops)
# Problematic frame:
# C  [sqlite-3.7.2-sqlitejdbc.dll+0x478bd]  Java_org_sqlite_NativeDB_restore+0x44656
#
# Failed to write core dump. Minidumps are not enabled by default on client versions of Windows
#
# If you would like to submit a bug report, please visit:
#   http://bugreport.sun.com/bugreport/crash.jsp
# The crash happened outside the Java Virtual Machine in native code.
# See problematic frame for where to report the bug.
#

---------------  T H R E A D  ---------------

Current thread (0x000000000c352800):  JavaThread "Thread-111" [_thread_in_native, id=6184, stack(0x0000000018760000,0x0000000018860000)]

siginfo: ExceptionCode=0xc0000005, reading address 0x0000000000000058

Registers:
RAX=0x0000000000000000, RBX=0x0000000016a48128, RCX=0x0000000016a48128, RDX=0x000000001885f580
RSP=0x000000001885f430, RBP=0x000000001885f550, RSI=0x0000000000000000, RDI=0x00000000027f6374
R8 =0x0000000016a48128, R9 =0x000000000c346300, R10=0x0000000002802d77, R11=0x000000005d460ca0
R12=0x0000000000000000, R13=0x00000000a03625a8, R14=0x000000001885f580, R15=0x000000000c352800
RIP=0x00000000693878bd, EFLAGS=0x0000000000010206

Top of Stack: (sp=0x000000001885f430)
0x000000001885f430:   000000001885f500 000000005d46f4bf
0x000000001885f440:   000000001885f500 0000000000000000
0x000000001885f450:   00000000a03625a8 000000000c35ab1a
0x000000001885f460:   000000001885f500 000000005d46fb6a
0x000000001885f470:   000000000c35c478 00000000a03625a8
0x000000001885f480:   0000000000000002 00000000693422a5
0x000000001885f490:   000000000c2ae170 000000005d31803a
0x000000001885f4a0:   000000001885f8e8 000000000c352800
0x000000001885f4b0:   000000001885f4a0 0000000002802da3
0x000000001885f4c0:   000000001885f550 0000000002802b39
0x000000001885f4d0:   000000000c352800 0000000000000002
0x000000001885f4e0:   00000000027f6374 00000000a03625a8
0x000000001885f4f0:   000000001885f568 0000000002802b01
0x000000001885f500:   0000000000000003 00000000e26d9b10
0x000000001885f510:   000000001885f500 00000000a03625a8
0x000000001885f520:   000000001885f580 00000000a036c428 

Instructions: (pc=0x00000000693878bd)
0x000000006938789d:   48 8b 7c 24 30 48 83 c4 38 c3 56 53 48 83 ec 48
0x00000000693878ad:   48 89 cb be 00 00 00 00 48 85 c9 74 5f 48 8b 01
0x00000000693878bd:   48 8b 48 58 e8 8f c0 fb ff 48 89 d9 e8 4c fa ff
0x00000000693878cd:   ff 89 c6 c7 44 24 30 00 00 00 00 c7 44 24 28 00 


Register to memory mapping:

RAX=0x0000000000000000 is an unknown value
RBX=0x0000000016a48128 is an unknown value
RCX=0x0000000016a48128 is an unknown value
RDX=0x000000001885f580 is pointing into the stack for thread: 0x000000000c352800
RSP=0x000000001885f430 is pointing into the stack for thread: 0x000000000c352800
RBP=0x000000001885f550 is pointing into the stack for thread: 0x000000000c352800
RSI=0x0000000000000000 is an unknown value
RDI=0x00000000027f6374 is an Interpreter codelet
return entry points  [0x00000000027f5820, 0x00000000027f7620]  7680 bytes
R8 =0x0000000016a48128 is an unknown value
R9 =0x000000000c346300 is an unknown value
R10=0x0000000002802d77 is an Interpreter codelet
method entry point (kind = native_synchronized)  [0x0000000002802980, 0x0000000002803380]  2560 bytes
R11=0x000000005d460ca0 is an unknown value
R12=0x0000000000000000 is an unknown value
R13=0x00000000a03625a8 is an oop
{method} 
 - klass: {other class}
R14=0x000000001885f580 is pointing into the stack for thread: 0x000000000c352800
R15=0x000000000c352800 is a thread


Stack: [0x0000000018760000,0x0000000018860000],  sp=0x000000001885f430,  free space=1021k
Native frames: (J=compiled Java code, j=interpreted, Vv=VM code, C=native code)
C  [sqlite-3.7.2-sqlitejdbc.dll+0x478bd]  Java_org_sqlite_NativeDB_restore+0x44656
j  org.sqlite.RS.close()V+76
j  otg.MainWindow.updateUserInterface()I+154
j  otg.DungeonMasterUI.feedValue()V+9
j  otg.DungeonMasterUI$1.run()V+9
j  java.lang.Thread.run()V+11
v  ~StubRoutines::call_stub

Java frames: (J=compiled Java code, j=interpreted, Vv=VM code)
j  org.sqlite.NativeDB.reset(J)I+0
j  org.sqlite.RS.close()V+76
j  otg.MainWindow.updateUserInterface()I+154
j  otg.DungeonMasterUI.feedValue()V+9
j  otg.DungeonMasterUI$1.run()V+9
j  java.lang.Thread.run()V+11
v  ~StubRoutines::call_stub

---------------  P R O C E S S  ---------------

Java Threads: ( => current thread )
  0x000000000c477800 JavaThread "Thread-180" [_thread_new, id=864, stack(0x0000000000000000,0x0000000000000000)]
  0x000000000c477000 JavaThread "Thread-179" [_thread_blocked, id=5964, stack(0x000000001de30000,0x000000001df30000)]
  0x000000000c476000 JavaThread "Thread-178" [_thread_in_native, id=6952, stack(0x000000001dbc0000,0x000000001dcc0000)]
  0x000000000c475800 JavaThread "Thread-177" [_thread_new, id=3484, stack(0x0000000000000000,0x0000000000000000)]
  0x000000000c474800 JavaThread "Thread-176" [_thread_in_native, id=6844, stack(0x000000001d880000,0x000000001d980000)]
  0x000000000c474000 JavaThread "Thread-175" [_thread_in_native, id=3944, stack(0x000000001c830000,0x000000001c930000)]
  0x000000000c473000 JavaThread "Thread-174" [_thread_blocked, id=4244, stack(0x000000001dac0000,0x000000001dbc0000)]
  0x000000000c3ff800 JavaThread "Thread-173" [_thread_in_native, id=6416, stack(0x000000001d990000,0x000000001da90000)]
  0x000000000c3fe800 JavaThread "Thread-172" [_thread_blocked, id=6704, stack(0x000000001d720000,0x000000001d820000)]
  0x000000000c3fe000 JavaThread "Thread-168" [_thread_blocked, id=4140, stack(0x000000001d600000,0x000000001d700000)]
  0x000000000c3fd000 JavaThread "Thread-171" [_thread_blocked, id=6748, stack(0x000000001c320000,0x000000001c420000)]
  0x000000000c3fc800 JavaThread "Thread-170" [_thread_blocked, id=3732, stack(0x000000001d400000,0x000000001d500000)]
  0x000000000c3fb800 JavaThread "Thread-169" [_thread_blocked, id=1636, stack(0x000000001d220000,0x000000001d320000)]
  0x000000000c3fb000 JavaThread "Thread-167" [_thread_blocked, id=1432, stack(0x000000001ce00000,0x000000001cf00000)]
  0x000000000c3fa000 JavaThread "Thread-166" [_thread_blocked, id=4696, stack(0x000000001d0b0000,0x000000001d1b0000)]
  0x000000000c3f9800 JavaThread "Thread-165" [_thread_blocked, id=3912, stack(0x000000001cc60000,0x000000001cd60000)]
  0x000000000c3f8800 JavaThread "Thread-164" [_thread_blocked, id=7160, stack(0x000000001cf10000,0x000000001d010000)]
  0x000000000c43d800 JavaThread "Thread-163" [_thread_blocked, id=3416, stack(0x000000001c930000,0x000000001ca30000)]
  0x000000000c43d000 JavaThread "Thread-162" [_thread_blocked, id=6456, stack(0x000000001b390000,0x000000001b490000)]
  0x000000000c43c000 JavaThread "Thread-161" [_thread_blocked, id=6636, stack(0x000000001c720000,0x000000001c820000)]
  0x000000000c43b800 JavaThread "Thread-160" [_thread_blocked, id=7128, stack(0x000000001c5c0000,0x000000001c6c0000)]
  0x000000000c43a800 JavaThread "Thread-159" [_thread_blocked, id=2708, stack(0x000000001c420000,0x000000001c520000)]
  0x000000000c43a000 JavaThread "Thread-158" [_thread_blocked, id=6372, stack(0x000000001c040000,0x000000001c140000)]
  0x000000000c439000 JavaThread "Thread-157" [_thread_blocked, id=6668, stack(0x000000001bc70000,0x000000001bd70000)]
  0x000000000c438800 JavaThread "Thread-156" [_thread_blocked, id=5464, stack(0x000000001beb0000,0x000000001bfb0000)]
  0x000000000c437800 JavaThread "Thread-155" [_thread_blocked, id=3844, stack(0x000000001bd80000,0x000000001be80000)]
  0x000000000c437000 JavaThread "Thread-154" [_thread_blocked, id=6092, stack(0x000000001ba30000,0x000000001bb30000)]
  0x000000000c458800 JavaThread "Thread-153" [_thread_blocked, id=4272, stack(0x000000001bb70000,0x000000001bc70000)]
  0x000000000c457800 JavaThread "Thread-152" [_thread_blocked, id=1480, stack(0x000000001b8d0000,0x000000001b9d0000)]
  0x000000000c457000 JavaThread "Thread-151" [_thread_blocked, id=4448, stack(0x000000001b7a0000,0x000000001b8a0000)]
  0x000000000c456000 JavaThread "Thread-150" [_thread_blocked, id=6556, stack(0x000000001b660000,0x000000001b760000)]
  0x000000000c455800 JavaThread "Thread-149" [_thread_blocked, id=6620, stack(0x000000001b150000,0x000000001b250000)]
  0x000000000c454800 JavaThread "Thread-148" [_thread_blocked, id=4828, stack(0x000000001b490000,0x000000001b590000)]
  0x000000000c454000 JavaThread "Thread-147" [_thread_blocked, id=4908, stack(0x000000001aec0000,0x000000001afc0000)]
  0x000000000c453000 JavaThread "Thread-146" [_thread_blocked, id=2464, stack(0x000000001b260000,0x000000001b360000)]
  0x000000000c452800 JavaThread "Thread-145" [_thread_blocked, id=5048, stack(0x0000000019900000,0x0000000019a00000)]
  0x000000000c451800 JavaThread "Thread-144" [_thread_in_native, id=4972, stack(0x000000001b020000,0x000000001b120000)]
  0x000000000c430000 JavaThread "Thread-143" [_thread_blocked, id=4652, stack(0x0000000019d50000,0x0000000019e50000)]
  0x000000000c42f800 JavaThread "Thread-142" [_thread_blocked, id=5748, stack(0x000000001adc0000,0x000000001aec0000)]
  0x000000000c42e800 JavaThread "Thread-141" [_thread_blocked, id=5076, stack(0x000000001a4d0000,0x000000001a5d0000)]
  0x000000000c42e000 JavaThread "Thread-140" [_thread_blocked, id=5284, stack(0x000000001aca0000,0x000000001ada0000)]
  0x000000000c42d000 JavaThread "Thread-139" [_thread_blocked, id=5528, stack(0x000000001ab10000,0x000000001ac10000)]
  0x000000000c42c800 JavaThread "Thread-138" [_thread_blocked, id=5212, stack(0x000000001aa00000,0x000000001ab00000)]
  0x000000000c42b800 JavaThread "Thread-137" [_thread_blocked, id=6804, stack(0x0000000015f20000,0x0000000016020000)]
  0x000000000c42b000 JavaThread "Thread-136" [_thread_blocked, id=3544, stack(0x000000001a8a0000,0x000000001a9a0000)]
  0x000000000c42a000 JavaThread "Thread-135" [_thread_blocked, id=5244, stack(0x000000001a770000,0x000000001a870000)]
  0x000000000c429800 JavaThread "Thread-134" [_thread_blocked, id=2452, stack(0x000000001a5e0000,0x000000001a6e0000)]
  0x000000000c3de000 JavaThread "Thread-133" [_thread_blocked, id=5540, stack(0x000000001a290000,0x000000001a390000)]
  0x000000000c3dd800 JavaThread "Thread-132" [_thread_blocked, id=6772, stack(0x000000001a3b0000,0x000000001a4b0000)]
  0x000000000c3dc800 JavaThread "Thread-131" [_thread_blocked, id=3448, stack(0x0000000019f50000,0x000000001a050000)]
  0x000000000c3dc000 JavaThread "Thread-130" [_thread_blocked, id=1836, stack(0x000000001a160000,0x000000001a260000)]
  0x000000000c3db000 JavaThread "Thread-129" [_thread_blocked, id=3616, stack(0x000000001a050000,0x000000001a150000)]
  0x000000000c3da800 JavaThread "Thread-128" [_thread_blocked, id=3184, stack(0x0000000019e50000,0x0000000019f50000)]
  0x000000000c3d9800 JavaThread "Thread-127" [_thread_blocked, id=4604, stack(0x00000000196a0000,0x00000000197a0000)]
  0x000000000c3d9000 JavaThread "Thread-126" [_thread_in_native, id=2752, stack(0x0000000019c40000,0x0000000019d40000)]
  0x000000000c3d8000 JavaThread "Thread-125" [_thread_blocked, id=5228, stack(0x0000000019b20000,0x0000000019c20000)]
  0x000000000c3d7800 JavaThread "Thread-124" [_thread_in_native, id=1372, stack(0x0000000019a20000,0x0000000019b20000)]
  0x000000000c36f000 JavaThread "Thread-123" [_thread_blocked, id=5428, stack(0x0000000019800000,0x0000000019900000)]
  0x000000000c36e800 JavaThread "Thread-122" [_thread_in_native, id=4116, stack(0x0000000019590000,0x0000000019690000)]
  0x000000000c36d800 JavaThread "Thread-121" [_thread_blocked, id=6792, stack(0x0000000019460000,0x0000000019560000)]
  0x000000000c36d000 JavaThread "Thread-120" [_thread_blocked, id=6548, stack(0x0000000019310000,0x0000000019410000)]
  0x000000000c36c000 JavaThread "Thread-119" [_thread_blocked, id=4784, stack(0x0000000018f10000,0x0000000019010000)]
  0x000000000c36b800 JavaThread "Thread-118" [_thread_blocked, id=6624, stack(0x0000000019190000,0x0000000019290000)]
  0x000000000c36a800 JavaThread "Thread-117" [_thread_blocked, id=6344, stack(0x0000000019020000,0x0000000019120000)]
  0x000000000c36a000 JavaThread "Thread-116" [_thread_blocked, id=6332, stack(0x0000000018df0000,0x0000000018ef0000)]
  0x000000000c369000 JavaThread "Thread-115" [_thread_blocked, id=7116, stack(0x0000000018c00000,0x0000000018d00000)]
  0x000000000c368800 JavaThread "Thread-114" [_thread_blocked, id=5624, stack(0x0000000018ae0000,0x0000000018be0000)]
  0x000000000c354000 JavaThread "Thread-113" [_thread_in_native, id=6128, stack(0x0000000018910000,0x0000000018a10000)]
  0x000000000c353000 JavaThread "Thread-112" [_thread_blocked, id=5372, stack(0x0000000018510000,0x0000000018610000)]
=>0x000000000c352800 JavaThread "Thread-111" [_thread_in_native, id=6184, stack(0x0000000018760000,0x0000000018860000)]
  0x000000000c351800 JavaThread "Thread-110" [_thread_blocked, id=3936, stack(0x00000000182a0000,0x00000000183a0000)]
  0x000000000c351000 JavaThread "Thread-109" [_thread_blocked, id=5524, stack(0x0000000018620000,0x0000000018720000)]
  0x000000000c350000 JavaThread "Thread-108" [_thread_blocked, id=5740, stack(0x0000000018090000,0x0000000018190000)]
  0x000000000c34f800 JavaThread "Thread-107" [_thread_blocked, id=4132, stack(0x00000000183f0000,0x00000000184f0000)]
  0x000000000c34e800 JavaThread "Thread-106" [_thread_blocked, id=6720, stack(0x00000000181a0000,0x00000000182a0000)]
  0x000000000c34e000 JavaThread "Thread-105" [_thread_blocked, id=5844, stack(0x0000000017f80000,0x0000000018080000)]
  0x000000000c34d000 JavaThread "Thread-104" [_thread_blocked, id=4820, stack(0x0000000017e60000,0x0000000017f60000)]
  0x000000000c338800 JavaThread "Thread-103" [_thread_blocked, id=1036, stack(0x0000000017cd0000,0x0000000017dd0000)]
  0x000000000c338000 JavaThread "Thread-102" [_thread_blocked, id=5512, stack(0x0000000017a20000,0x0000000017b20000)]
  0x000000000c337000 JavaThread "Thread-101" [_thread_blocked, id=6084, stack(0x0000000017b60000,0x0000000017c60000)]
  0x000000000c336800 JavaThread "Thread-100" [_thread_blocked, id=4672, stack(0x00000000177e0000,0x00000000178e0000)]
  0x000000000c335800 JavaThread "Thread-99" [_thread_blocked, id=1892, stack(0x0000000017900000,0x0000000017a00000)]
  0x000000000c335000 JavaThread "Thread-98" [_thread_blocked, id=4416, stack(0x0000000017240000,0x0000000017340000)]
  0x000000000c334000 JavaThread "Thread-97" [_thread_blocked, id=6608, stack(0x0000000017670000,0x0000000017770000)]
  0x000000000c333800 JavaThread "Thread-96" [_thread_blocked, id=5324, stack(0x00000000174c0000,0x00000000175c0000)]
  0x000000000c332800 JavaThread "Thread-95" [_thread_blocked, id=2584, stack(0x0000000017340000,0x0000000017440000)]
  0x000000000c332000 JavaThread "Thread-94" [_thread_blocked, id=5264, stack(0x0000000017120000,0x0000000017220000)]
  0x000000000c3b7000 JavaThread "Thread-93" [_thread_blocked, id=6996, stack(0x0000000015130000,0x0000000015230000)]
  0x000000000c3b6000 JavaThread "Thread-92" [_thread_blocked, id=2428, stack(0x00000000167d0000,0x00000000168d0000)]
  0x000000000c3b5800 JavaThread "Thread-91" [_thread_blocked, id=5572, stack(0x0000000015600000,0x0000000015700000)]
  0x000000000c3b4800 JavaThread "Thread-90" [_thread_blocked, id=4456, stack(0x00000000165f0000,0x00000000166f0000)]
  0x000000000c3b4000 JavaThread "Thread-89" [_thread_blocked, id=3600, stack(0x0000000016490000,0x0000000016590000)]
  0x000000000c3b3000 JavaThread "Thread-88" [_thread_blocked, id=2444, stack(0x00000000162e0000,0x00000000163e0000)]
  0x000000000c3b2000 JavaThread "Thread-87" [_thread_blocked, id=6164, stack(0x0000000016150000,0x0000000016250000)]
  0x000000000c3b1800 JavaThread "Thread-86" [_thread_blocked, id=6884, stack(0x0000000016020000,0x0000000016120000)]
  0x000000000c3b0800 JavaThread "Thread-85" [_thread_blocked, id=6424, stack(0x0000000015de0000,0x0000000015ee0000)]
  0x000000000c3b0000 JavaThread "Thread-84" [_thread_blocked, id=7164, stack(0x0000000015c50000,0x0000000015d50000)]
  0x000000000c31e800 JavaThread "Thread-83" [_thread_blocked, id=6236, stack(0x0000000015a70000,0x0000000015b70000)]
  0x000000000c31e000 JavaThread "Thread-82" [_thread_in_native, id=4836, stack(0x00000000158f0000,0x00000000159f0000)]
  0x000000000c31d000 JavaThread "Thread-81" [_thread_blocked, id=4120, stack(0x0000000015710000,0x0000000015810000)]
  0x000000000c31c800 JavaThread "Thread-80" [_thread_blocked, id=6948, stack(0x00000000154c0000,0x00000000155c0000)]
  0x000000000c31b800 JavaThread "Thread-79" [_thread_blocked, id=6288, stack(0x0000000015350000,0x0000000015450000)]
  0x000000000c31b000 JavaThread "Thread-78" [_thread_blocked, id=6388, stack(0x0000000015240000,0x0000000015340000)]
  0x000000000c31a000 JavaThread "Thread-77" [_thread_blocked, id=6796, stack(0x0000000015010000,0x0000000015110000)]
  0x000000000c319800 JavaThread "Thread-76" [_thread_blocked, id=6500, stack(0x0000000014980000,0x0000000014a80000)]
  0x000000000c318800 JavaThread "Thread-75" [_thread_blocked, id=6340, stack(0x0000000014d40000,0x0000000014e40000)]
  0x000000000c318000 JavaThread "Thread-74" [_thread_blocked, id=776, stack(0x0000000014e40000,0x0000000014f40000)]
  0x000000000c2eb000 JavaThread "Thread-73" [_thread_blocked, id=6692, stack(0x0000000014bc0000,0x0000000014cc0000)]
  0x000000000c2ea000 JavaThread "Thread-72" [_thread_blocked, id=2772, stack(0x0000000014a90000,0x0000000014b90000)]
  0x000000000c2e9000 JavaThread "Thread-71" [_thread_blocked, id=1204, stack(0x0000000014860000,0x0000000014960000)]
  0x000000000c2e8800 JavaThread "Thread-70" [_thread_blocked, id=6700, stack(0x0000000013f40000,0x0000000014040000)]
  0x000000000c2e7800 JavaThread "Thread-69" [_thread_blocked, id=2724, stack(0x0000000014680000,0x0000000014780000)]
  0x000000000c2e7000 JavaThread "Thread-68" [_thread_blocked, id=2824, stack(0x0000000014510000,0x0000000014610000)]
  0x000000000c2e6000 JavaThread "Thread-67" [_thread_blocked, id=6516, stack(0x00000000143c0000,0x00000000144c0000)]
  0x000000000c2e5800 JavaThread "Thread-65" [_thread_blocked, id=4144, stack(0x00000000141f0000,0x00000000142f0000)]
  0x000000000c2e4800 JavaThread "Thread-66" [_thread_blocked, id=492, stack(0x0000000014050000,0x0000000014150000)]
  0x000000000c2e4000 JavaThread "Thread-64" [_thread_blocked, id=4668, stack(0x0000000012310000,0x0000000012410000)]
  0x000000000c26d800 JavaThread "Thread-63" [_thread_blocked, id=6648, stack(0x000000000bcc0000,0x000000000bdc0000)]
  0x000000000c26c800 JavaThread "Thread-62" [_thread_blocked, id=5580, stack(0x0000000013130000,0x0000000013230000)]
  0x000000000c26c000 JavaThread "Thread-61" [_thread_blocked, id=6376, stack(0x0000000013dc0000,0x0000000013ec0000)]
  0x000000000c26b000 JavaThread "Thread-60" [_thread_blocked, id=6460, stack(0x0000000013c70000,0x0000000013d70000)]
  0x000000000c26a800 JavaThread "Thread-58" [_thread_blocked, id=4152, stack(0x0000000012900000,0x0000000012a00000)]
  0x000000000c269800 JavaThread "Thread-57" [_thread_blocked, id=6116, stack(0x0000000012740000,0x0000000012840000)]
  0x000000000c268800 JavaThread "Thread-56" [_thread_blocked, id=4720, stack(0x0000000011180000,0x0000000011280000)]
  0x000000000c268000 JavaThread "Thread-55" [_thread_blocked, id=6180, stack(0x00000000125e0000,0x00000000126e0000)]
  0x000000000c267000 JavaThread "Thread-54" [_thread_blocked, id=5764, stack(0x0000000012430000,0x0000000012530000)]
  0x000000000c266800 JavaThread "Thread-53" [_thread_blocked, id=4124, stack(0x00000000121d0000,0x00000000122d0000)]
  0x000000000c197800 JavaThread "Thread-52" [_thread_blocked, id=4712, stack(0x0000000012080000,0x0000000012180000)]
  0x000000000c197000 JavaThread "Thread-51" [_thread_blocked, id=6428, stack(0x0000000011f60000,0x0000000012060000)]
  0x000000000c196000 JavaThread "Thread-50" [_thread_blocked, id=4256, stack(0x0000000011da0000,0x0000000011ea0000)]
  0x000000000c195800 JavaThread "Thread-49" [_thread_blocked, id=4484, stack(0x0000000011a80000,0x0000000011b80000)]
  0x000000000c194800 JavaThread "AWT-EventQueue-0" [_thread_blocked, id=1300, stack(0x0000000011bb0000,0x0000000011cb0000)]
  0x000000000c194000 JavaThread "Thread-48" [_thread_blocked, id=3508, stack(0x0000000011940000,0x0000000011a40000)]
  0x000000000c193000 JavaThread "Thread-47" [_thread_blocked, id=7056, stack(0x0000000011740000,0x0000000011840000)]
  0x000000000c192800 JavaThread "Thread-46" [_thread_blocked, id=2656, stack(0x00000000115b0000,0x00000000116b0000)]
  0x000000000c191800 JavaThread "Thread-45" [_thread_blocked, id=1800, stack(0x0000000011420000,0x0000000011520000)]
  0x000000000c191000 JavaThread "Thread-44" [_thread_blocked, id=5536, stack(0x000000000ef40000,0x000000000f040000)]
  0x000000000c1be800 JavaThread "Thread-43" [_thread_blocked, id=2148, stack(0x0000000011290000,0x0000000011390000)]
  0x000000000c1be000 JavaThread "Thread-42" [_thread_blocked, id=1296, stack(0x0000000010f10000,0x0000000011010000)]
  0x000000000c1bd000 JavaThread "Thread-39" [_thread_blocked, id=6392, stack(0x0000000011030000,0x0000000011130000)]
  0x000000000c1bc800 JavaThread "Thread-41" [_thread_blocked, id=6828, stack(0x0000000010e10000,0x0000000010f10000)]
  0x000000000c1bb800 JavaThread "Thread-40" [_thread_blocked, id=4596, stack(0x00000000109b0000,0x0000000010ab0000)]
  0x000000000c1bb000 JavaThread "Thread-38" [_thread_blocked, id=6980, stack(0x0000000010c50000,0x0000000010d50000)]
  0x000000000c1ba000 JavaThread "Thread-37" [_thread_blocked, id=6172, stack(0x0000000010370000,0x0000000010470000)]
  0x000000000c1b9800 JavaThread "Thread-36" [_thread_blocked, id=1352, stack(0x0000000010ab0000,0x0000000010bb0000)]
  0x000000000c1b8800 JavaThread "Thread-35" [_thread_blocked, id=5496, stack(0x00000000108a0000,0x00000000109a0000)]
  0x000000000c1b8000 JavaThread "Thread-34" [_thread_blocked, id=3352, stack(0x000000000fc80000,0x000000000fd80000)]
  0x000000000c242000 JavaThread "Thread-33" [_thread_blocked, id=6580, stack(0x0000000010740000,0x0000000010840000)]
  0x000000000c241800 JavaThread "Thread-32" [_thread_blocked, id=6904, stack(0x0000000010610000,0x0000000010710000)]
  0x000000000c240800 JavaThread "Thread-31" [_thread_blocked, id=6348, stack(0x0000000010490000,0x0000000010590000)]
  0x000000000c240000 JavaThread "Thread-30" [_thread_blocked, id=3744, stack(0x0000000010250000,0x0000000010350000)]
  0x000000000c23f000 JavaThread "Thread-29" [_thread_blocked, id=5552, stack(0x0000000010140000,0x0000000010240000)]
  0x000000000c01a800 JavaThread "Thread-28" [_thread_blocked, id=5836, stack(0x000000000ff50000,0x0000000010050000)]
  0x000000000c019800 JavaThread "Thread-27" [_thread_blocked, id=6888, stack(0x000000000e9c0000,0x000000000eac0000)]
  0x000000000c019000 JavaThread "Thread-26" [_thread_blocked, id=4428, stack(0x000000000fd80000,0x000000000fe80000)]
  0x000000000c018000 JavaThread "Thread-25" [_thread_blocked, id=1052, stack(0x000000000fb80000,0x000000000fc80000)]
  0x000000000c017800 JavaThread "Thread-24" [_thread_blocked, id=6328, stack(0x000000000fa50000,0x000000000fb50000)]
  0x000000000c016800 JavaThread "Thread-23" [_thread_blocked, id=6248, stack(0x000000000f4e0000,0x000000000f5e0000)]
  0x000000000c016000 JavaThread "Thread-22" [_thread_blocked, id=3668, stack(0x000000000f360000,0x000000000f460000)]
  0x000000000c015000 JavaThread "Thread-21" [_thread_blocked, id=6220, stack(0x000000000f190000,0x000000000f290000)]
  0x000000000c014800 JavaThread "Thread-20" [_thread_blocked, id=6860, stack(0x000000000f080000,0x000000000f180000)]
  0x000000000c013800 JavaThread "Thread-19" [_thread_blocked, id=1596, stack(0x000000000ee30000,0x000000000ef30000)]
  0x000000000c013000 JavaThread "Thread-18" [_thread_blocked, id=4148, stack(0x000000000eca0000,0x000000000eda0000)]
  0x000000000c012000 JavaThread "Thread-17" [_thread_blocked, id=4520, stack(0x000000000eac0000,0x000000000ebc0000)]
  0x000000000c011800 JavaThread "Thread-16" [_thread_blocked, id=6300, stack(0x000000000e880000,0x000000000e980000)]
  0x000000000c010800 JavaThread "Thread-15" [_thread_blocked, id=2872, stack(0x000000000e3f0000,0x000000000e4f0000)]
  0x000000000c010000 JavaThread "Thread-14" [_thread_blocked, id=3880, stack(0x000000000e710000,0x000000000e810000)]
  0x000000000c00f000 JavaThread "Thread-13" [_thread_blocked, id=5128, stack(0x000000000e550000,0x000000000e650000)]
  0x000000000c00e800 JavaThread "Thread-12" [_thread_blocked, id=1080, stack(0x000000000d960000,0x000000000da60000)]
  0x000000000c00d800 JavaThread "Thread-11" [_thread_blocked, id=6956, stack(0x000000000e2c0000,0x000000000e3c0000)]
  0x000000000c00d000 JavaThread "Thread-10" [_thread_blocked, id=3004, stack(0x000000000e100000,0x000000000e200000)]
  0x000000000c00c000 JavaThread "Thread-9" [_thread_blocked, id=7064, stack(0x000000000df80000,0x000000000e080000)]
  0x000000000c00b800 JavaThread "Thread-8" [_thread_blocked, id=6780, stack(0x000000000de80000,0x000000000df80000)]
  0x000000000c133000 JavaThread "Thread-7" [_thread_blocked, id=3460, stack(0x000000000da60000,0x000000000db60000)]
  0x000000000c132000 JavaThread "Thread-6" [_thread_blocked, id=5756, stack(0x000000000d6b0000,0x000000000d7b0000)]
  0x000000000c0d9000 JavaThread "Thread-5" [_thread_blocked, id=2976, stack(0x000000000d7e0000,0x000000000d8e0000)]
  0x000000000bfec000 JavaThread "Thread-4" [_thread_blocked, id=4328, stack(0x000000000d5a0000,0x000000000d6a0000)]
  0x000000000bfeb800 JavaThread "Image Fetcher 0" daemon [_thread_blocked, id=5340, stack(0x000000000cee0000,0x000000000cfe0000)]
  0x000000000bf20800 JavaThread "Thread-3" [_thread_blocked, id=6492, stack(0x000000000cc70000,0x000000000cd70000)]
  0x000000000bf69000 JavaThread "Thread-2" [_thread_blocked, id=4744, stack(0x000000000d440000,0x000000000d540000)]
  0x000000000bfc9000 JavaThread "AWT-Windows" daemon [_thread_in_native, id=4896, stack(0x000000000ca10000,0x000000000cb10000)]
  0x000000000bf3a000 JavaThread "AWT-Shutdown" [_thread_blocked, id=3856, stack(0x000000000b1f0000,0x000000000b2f0000)]
  0x000000000be60000 JavaThread "Java2D Disposer" daemon [_thread_blocked, id=7088, stack(0x000000000cb40000,0x000000000cc40000)]
  0x000000000243e000 JavaThread "DestroyJavaVM" [_thread_blocked, id=4664, stack(0x00000000026f0000,0x00000000027f0000)]
  0x000000000a361800 JavaThread "Service Thread" daemon [_thread_blocked, id=6264, stack(0x000000000b980000,0x000000000ba80000)]
  0x000000000a361000 JavaThread "C2 CompilerThread1" daemon [_thread_blocked, id=3960, stack(0x000000000ba80000,0x000000000bb80000)]
  0x000000000a35c000 JavaThread "C2 CompilerThread0" daemon [_thread_blocked, id=2828, stack(0x000000000b840000,0x000000000b940000)]
  0x000000000a356000 JavaThread "Attach Listener" daemon [_thread_blocked, id=5712, stack(0x000000000b6a0000,0x000000000b7a0000)]
  0x000000000a34e800 JavaThread "Signal Dispatcher" daemon [_thread_blocked, id=4580, stack(0x000000000afe0000,0x000000000b0e0000)]
  0x00000000023b6000 JavaThread "Finalizer" daemon [_thread_blocked, id=3768, stack(0x000000000b500000,0x000000000b600000)]
  0x00000000023af000 JavaThread "Reference Handler" daemon [_thread_blocked, id=6840, stack(0x000000000b300000,0x000000000b400000)]

Other Threads:
  0x000000000a2d2800 VMThread [stack: 0x000000000b0f0000,0x000000000b1f0000] [id=4996]
  0x000000000a37c800 WatcherThread [stack: 0x000000000bb90000,0x000000000bc90000] [id=4572]

VM state:not at safepoint (normal execution)

VM Mutex/Monitor currently owned by a thread: None

Heap
 PSYoungGen      total 27136K, used 16918K [0x00000000e1b60000, 0x00000000e5060000, 0x0000000000000000)
  eden space 23296K, 67% used [0x00000000e1b60000,0x00000000e2aad850,0x00000000e3220000)
  from space 3840K, 32% used [0x00000000e3220000,0x00000000e3358020,0x00000000e35e0000)
  to   space 3840K, 0% used [0x00000000e4ca0000,0x00000000e4ca0000,0x00000000e5060000)
 ParOldGen       total 62080K, used 16236K [0x00000000a5200000, 0x00000000a8ea0000, 0x00000000e1b60000)
  object space 62080K, 26% used [0x00000000a5200000,0x00000000a61db068,0x00000000a8ea0000)
 PSPermGen       total 21248K, used 9592K [0x00000000a0000000, 0x00000000a14c0000, 0x00000000a5200000)
  object space 21248K, 45% used [0x00000000a0000000,0x00000000a095e250,0x00000000a14c0000)

Code Cache  [0x00000000027f0000, 0x0000000002a60000, 0x00000000057f0000)
 total_blobs=464 nmethods=75 adapters=340 free_code_cache=48521Kb largest_free_block=49661056

Compilation events (10 events):
Event: 0.887 Thread 0x000000000a361000   63             java.util.HashMap::transfer (83 bytes)
Event: 0.891 Thread 0x000000000a361000 nmethod 63 0x000000000288c450 code [0x000000000288c5a0, 0x000000000288c798]
Event: 0.899 Thread 0x000000000a35c000   64             sun.util.logging.PlatformLogger::isLoggable (9 bytes)
Event: 0.899 Thread 0x000000000a361000   65             sun.util.logging.PlatformLogger$LoggerProxy::isLoggable (21 bytes)
Event: 0.899 Thread 0x000000000a361000 nmethod 65 0x000000000288a890 code [0x000000000288a9c0, 0x000000000288aa38]
Event: 0.899 Thread 0x000000000a35c000 nmethod 64 0x000000000288c210 code [0x000000000288c340, 0x000000000288c3b8]
Event: 0.900 Thread 0x000000000a361000   66   !         javax.swing.UIManager::maybeInitialize (36 bytes)
Event: 0.900 Thread 0x000000000a35c000   67   !         java.awt.Component::firePropertyChange (59 bytes)
Event: 0.904 Thread 0x000000000a361000 nmethod 66 0x000000000288b750 code [0x000000000288b900, 0x000000000288bdc0]
Event: 0.911 Thread 0x000000000a35c000 nmethod 67 0x000000000288ce90 code [0x000000000288d040, 0x000000000288d910]

GC Heap History (2 events):
Event: 0.483 GC heap before
{Heap before GC invocations=1 (full 0):
 PSYoungGen      total 27136K, used 23296K [0x00000000e1b60000, 0x00000000e39a0000, 0x0000000000000000)
  eden space 23296K, 100% used [0x00000000e1b60000,0x00000000e3220000,0x00000000e3220000)
  from space 3840K, 0% used [0x00000000e35e0000,0x00000000e35e0000,0x00000000e39a0000)
  to   space 3840K, 0% used [0x00000000e3220000,0x00000000e3220000,0x00000000e35e0000)
 ParOldGen       total 62080K, used 0K [0x00000000a5200000, 0x00000000a8ea0000, 0x00000000e1b60000)
  object space 62080K, 0% used [0x00000000a5200000,0x00000000a5200000,0x00000000a8ea0000)
 PSPermGen       total 21248K, used 7153K [0x00000000a0000000, 0x00000000a14c0000, 0x00000000a5200000)
  object space 21248K, 33% used [0x00000000a0000000,0x00000000a06fc590,0x00000000a14c0000)
Event: 0.491 GC heap after
Heap after GC invocations=1 (full 0):
 PSYoungGen      total 27136K, used 1248K [0x00000000e1b60000, 0x00000000e5060000, 0x0000000000000000)
  eden space 23296K, 0% used [0x00000000e1b60000,0x00000000e1b60000,0x00000000e3220000)
  from space 3840K, 32% used [0x00000000e3220000,0x00000000e3358020,0x00000000e35e0000)
  to   space 3840K, 0% used [0x00000000e4ca0000,0x00000000e4ca0000,0x00000000e5060000)
 ParOldGen       total 62080K, used 16236K [0x00000000a5200000, 0x00000000a8ea0000, 0x00000000e1b60000)
  object space 62080K, 26% used [0x00000000a5200000,0x00000000a61db068,0x00000000a8ea0000)
 PSPermGen       total 21248K, used 7153K [0x00000000a0000000, 0x00000000a14c0000, 0x00000000a5200000)
  object space 21248K, 33% used [0x00000000a0000000,0x00000000a06fc590,0x00000000a14c0000)
}

Deoptimization events (2 events):
Event: 0.268 Thread 0x000000000a3a7800 Uncommon trap 18 fr.pc 0x0000000002856fec
Event: 0.269 Thread 0x000000000a3a7800 Uncommon trap -83 fr.pc 0x000000000285a5d8

Internal exceptions (10 events):
Event: 0.930 Thread 0x000000000c457000 Threw 0x00000000e2904af8 at C:\jdk7u1_64p\jdk7u5\hotspot\src\share\vm\interpreter\interpreterRuntime.cpp:362
Event: 0.930 Thread 0x000000000c453000 Threw 0x00000000e2913558 at C:\jdk7u1_64p\jdk7u5\hotspot\src\share\vm\interpreter\interpreterRuntime.cpp:362
Event: 0.930 Thread 0x000000000c457000 Threw 0x00000000e2904f28 at C:\jdk7u1_64p\jdk7u5\hotspot\src\share\vm\interpreter\interpreterRuntime.cpp:362
Event: 0.930 Thread 0x000000000c453000 Threw 0x00000000e2913990 at C:\jdk7u1_64p\jdk7u5\hotspot\src\share\vm\interpreter\interpreterRuntime.cpp:362
Event: 0.930 Thread 0x000000000c457000 Threw 0x00000000e2906180 at C:\jdk7u1_64p\jdk7u5\hotspot\src\share\vm\interpreter\interpreterRuntime.cpp:362
Event: 0.931 Thread 0x000000000c457000 Threw 0x00000000e29065b8 at C:\jdk7u1_64p\jdk7u5\hotspot\src\share\vm\interpreter\interpreterRuntime.cpp:362
Event: 0.931 Thread 0x000000000c456000 Threw 0x00000000e2923ea0 at C:\jdk7u1_64p\jdk7u5\hotspot\src\share\vm\interpreter\interpreterRuntime.cpp:362
Event: 0.931 Thread 0x000000000c453000 Threw 0x00000000e29157b8 at C:\jdk7u1_64p\jdk7u5\hotspot\src\share\vm\interpreter\interpreterRuntime.cpp:362
Event: 0.931 Thread 0x000000000c458800 Threw 0x00000000e291e428 at C:\jdk7u1_64p\jdk7u5\hotspot\src\share\vm\interpreter\interpreterRuntime.cpp:362
Event: 0.932 Thread 0x000000000c457000 Threw 0x00000000e29347f0 at C:\jdk7u1_64p\jdk7u5\hotspot\src\share\vm\interpreter\interpreterRuntime.cpp:362

Events (10 events):
Event: 0.916 Thread 0x000000000c453000 Thread added: 0x000000000c453000
Event: 0.916 Thread 0x000000000c454000 Thread added: 0x000000000c454000
Event: 0.918 Thread 0x000000000c454800 Thread added: 0x000000000c454800
Event: 0.921 Thread 0x000000000c455800 Thread added: 0x000000000c455800
Event: 0.921 Thread 0x000000000c456000 Thread added: 0x000000000c456000
Event: 0.925 Thread 0x000000000c457000 Thread added: 0x000000000c457000
Event: 0.926 Thread 0x000000000c457800 Thread added: 0x000000000c457800
Event: 0.928 Thread 0x000000000c458800 Thread added: 0x000000000c458800
Event: 0.930 Thread 0x000000000c437000 Thread added: 0x000000000c437000
Event: 0.931 Thread 0x000000000c437800 Thread added: 0x000000000c437800


Dynamic libraries:
0x000000003f460000 - 0x000000003f494000 	C:\Program Files\Java\jre7\bin\javaw.exe
0x0000000077840000 - 0x00000000779e9000 	C:\Windows\SYSTEM32\ntdll.dll
0x0000000077720000 - 0x000000007783f000 	C:\Windows\system32\kernel32.dll
0x00000000fd960000 - 0x00000000fd9cb000 	C:\Windows\system32\KERNELBASE.dll
0x00000000fdc60000 - 0x00000000fdd3b000 	C:\Windows\system32\ADVAPI32.dll
0x00000000fe190000 - 0x00000000fe22f000 	C:\Windows\system32\msvcrt.dll
0x00000000fea10000 - 0x00000000fea2f000 	C:\Windows\SYSTEM32\sechost.dll
0x00000000fe6a0000 - 0x00000000fe7cd000 	C:\Windows\system32\RPCRT4.dll
0x0000000077620000 - 0x000000007771a000 	C:\Windows\system32\USER32.dll
0x00000000fe7d0000 - 0x00000000fe837000 	C:\Windows\system32\GDI32.dll
0x00000000fe960000 - 0x00000000fe96e000 	C:\Windows\system32\LPK.dll
0x00000000fe240000 - 0x00000000fe309000 	C:\Windows\system32\USP10.dll
0x00000000fc1f0000 - 0x00000000fc3e4000 	C:\Windows\WinSxS\amd64_microsoft.windows.common-controls_6595b64144ccf1df_6.0.7601.17514_none_fa396087175ac9ac\COMCTL32.dll
0x00000000fe110000 - 0x00000000fe181000 	C:\Windows\system32\SHLWAPI.dll
0x00000000fe670000 - 0x00000000fe69e000 	C:\Windows\system32\IMM32.DLL
0x00000000fe000000 - 0x00000000fe109000 	C:\Windows\system32\MSCTF.dll
0x00000000fd770000 - 0x00000000fd78d000 	c:\PROGRA~1\BULLGU~1\BULLGU~1\BgAgent.dll
0x00000000fd5f0000 - 0x00000000fd611000 	C:\Windows\system32\BgGamingMonitor.dll
0x0000000066160000 - 0x0000000066231000 	C:\Program Files\Java\jre7\bin\msvcr100.dll
0x000000005d2a0000 - 0x000000005d9ba000 	C:\Program Files\Java\jre7\bin\server\jvm.dll
0x00000000f0690000 - 0x00000000f0699000 	C:\Windows\system32\WSOCK32.dll
0x00000000fe310000 - 0x00000000fe35d000 	C:\Windows\system32\WS2_32.dll
0x00000000fe230000 - 0x00000000fe238000 	C:\Windows\system32\NSI.dll
0x00000000fb260000 - 0x00000000fb29b000 	C:\Windows\system32\WINMM.dll
0x0000000077a10000 - 0x0000000077a17000 	C:\Windows\system32\PSAPI.DLL
0x0000000067bf0000 - 0x0000000067bff000 	C:\Program Files\Java\jre7\bin\verify.dll
0x0000000067bc0000 - 0x0000000067be8000 	C:\Program Files\Java\jre7\bin\java.dll
0x0000000067ba0000 - 0x0000000067bb5000 	C:\Program Files\Java\jre7\bin\zip.dll
0x0000000069340000 - 0x00000000693c5000 	C:\Users\Christian\AppData\Local\Temp\sqlite-3.7.2-sqlitejdbc.dll
0x0000000065750000 - 0x00000000658e4000 	C:\Program Files\Java\jre7\bin\awt.dll
0x00000000fdb60000 - 0x00000000fdc37000 	C:\Windows\system32\OLEAUT32.dll
0x00000000fea30000 - 0x00000000fec33000 	C:\Windows\system32\ole32.dll
0x00000000fb9a0000 - 0x00000000fb9b8000 	C:\Windows\system32\DWMAPI.DLL
0x00000000fbd80000 - 0x00000000fbdd6000 	C:\Windows\system32\uxtheme.dll
0x00000000f0740000 - 0x00000000f075e000 	C:\Program Files\BullGuard Ltd\BullGuard\spamfilter\LittleHook.dll
0x00000000f4c90000 - 0x00000000f4d0f000 	C:\Program Files\Common Files\microsoft shared\ink\tiptsf.dll
0x00000000fc880000 - 0x00000000fc88c000 	C:\Windows\system32\version.dll
0x00000000fd660000 - 0x00000000fd66f000 	C:\Windows\system32\CRYPTBASE.dll
0x00000000fec40000 - 0x00000000ff9c8000 	C:\Windows\system32\SHELL32.dll
0x00000000677e0000 - 0x0000000067810000 	C:\Program Files\Java\jre7\bin\jpeg.dll
0x0000000067960000 - 0x0000000067994000 	C:\Program Files\Java\jre7\bin\fontmanager.dll
0x0000000067a50000 - 0x0000000067a69000 	C:\Program Files\Java\jre7\bin\net.dll
0x00000000fcf70000 - 0x00000000fcfc5000 	C:\Windows\system32\mswsock.dll
0x00000000fcf60000 - 0x00000000fcf67000 	C:\Windows\System32\wship6.dll
0x00000000679d0000 - 0x00000000679e1000 	C:\Program Files\Java\jre7\bin\nio.dll
0x0000000067080000 - 0x00000000670c1000 	C:\Program Files\Java\jre7\bin\t2k.dll
0x00000000fe970000 - 0x00000000fea09000 	C:\Windows\system32\CLBCatQ.DLL
0x00000000fb780000 - 0x00000000fb7d4000 	C:\Windows\system32\oleacc.dll
0x00000000f66c0000 - 0x00000000f67e5000 	C:\Windows\system32\dbghelp.dll

VM Arguments:
jvm_args: -Dfile.encoding=Cp1252 
java_command: otg.MainWindow
Launcher Type: SUN_STANDARD

Environment Variables:
CLASSPATH=.;C:\Program Files (x86)\Java\jre7\lib\ext\QTJava.zip
PATH=C:\Windows\system32;C:\Windows;C:\Windows\system32\wbem;C:\Program Files\ImageMagick-6.8.3-Q16;C:\Program Files (x86)\NVIDIA Corporation\PhysX\Common;C:\Program Files\Common Files\Microsoft Shared\Windows Live;C:\Windows\System32\WindowsPowerShell\v1.0;C:\Program Files\Common Files\Autodesk Shared;C:\Program Files\TortoiseSVN\bin;C:\Program Files\Java\jdk1.6.0_24\bin;C:\Program Files\Java\jre6\bin;C:\Program Files (x86)\Autodesk\Backburner;C:\Program Files\Java\jdk1.7.0_05\bin;C:\Program Files (x86)\Microchip\MPLAB C32 Suite\bin;C:\Program Files (x86)\Livestreamer;C:\Program Files (x86)\QuickTime\QTSystem;C:\Android;C:\Program Files\Common Files\Microsoft Shared\Windows Live;C:\Program Files (x86)\OpenVPN\bin
USERNAME=Christian
OS=Windows_NT
PROCESSOR_IDENTIFIER=Intel64 Family 6 Model 37 Stepping 5, GenuineIntel



---------------  S Y S T E M  ---------------

OS: Windows 7 , 64 bit Build 7601 Service Pack 1

CPU:total 4 (2 cores per cpu, 2 threads per core) family 6 model 37 stepping 5, cmov, cx8, fxsr, mmx, sse, sse2, sse3, ssse3, sse4.1, sse4.2, popcnt, ht, tsc, tscinvbit

Memory: 4k page, physical 5954260k(1379908k free), swap 11906664k(6665636k free)

vm_info: Java HotSpot(TM) 64-Bit Server VM (23.1-b03) for windows-amd64 JRE (1.7.0_05-b06), built on Jun 27 2012 00:54:58 by "java_re" with unknown MS VC++:1600

time: Sun Apr 07 01:17:40 2013
elapsed time: 1 seconds

