#
# A fatal error has been detected by the Java Runtime Environment:
#
#  EXCEPTION_ACCESS_VIOLATION (0xc0000005) at pc=0x00000000693878bd, pid=6160, tid=3668
#
# JRE version: 7.0_05-b06
# Java VM: Java HotSpot(TM) 64-Bit Server VM (23.1-b03 mixed mode windows-amd64 compressed oops)
# Problematic frame:
# C  [sqlite-3.7.2-sqlitejdbc.dll+0x478bd]  Java_org_sqlite_NativeDB_restore+0x44656
#
# Failed to write core dump. Minidumps are not enabled by default on client versions of Windows
#
# If you would like to submit a bug report, please visit:
#   http://bugreport.sun.com/bugreport/crash.jsp
# The crash happened outside the Java Virtual Machine in native code.
# See problematic frame for where to report the bug.
#

---------------  T H R E A D  ---------------

Current thread (0x000000000c267800):  JavaThread "Thread-19" [_thread_in_native, id=3668, stack(0x000000000ff90000,0x0000000010090000)]

siginfo: ExceptionCode=0xc0000005, reading address 0x0000000000000058

Registers:
RAX=0x0000000000000000, RBX=0x000000000f42a488, RCX=0x000000000f42a488, RDX=0x000000001008f0b0
RSP=0x000000001008ef60, RBP=0x000000001008f080, RSI=0x0000000000000000, RDI=0x0000000000000000
R8 =0x000000000f42a488, R9 =0x000000000c1db6b0, R10=0x00000000025f2d77, R11=0x000000005d460ca0
R12=0x0000000000000000, R13=0x00000000a03626f0, R14=0x000000001008f0b0, R15=0x000000000c267800
RIP=0x00000000693878bd, EFLAGS=0x0000000000010206

Top of Stack: (sp=0x000000001008ef60)
0x000000001008ef60:   000000001008f030 000000005d46f4bf
0x000000001008ef70:   000000001008f030 0000000000000000
0x000000001008ef80:   00000000a03626f0 000000000c2a0eca
0x000000001008ef90:   000000001008f030 000000005d46fb6a
0x000000001008efa0:   000000000c15d708 00000000a03626f0
0x000000001008efb0:   0000000000000037 00000000693422a5
0x000000001008efc0:   000000000c2702f0 000000005d31803a
0x000000001008efd0:   000000001008f558 000000000c267800
0x000000001008efe0:   000000001008f078 00000000025f2da3
0x000000001008eff0:   000000001008f080 00000000025f2b39
0x000000001008f000:   000000000c267800 0000000000000037
0x000000001008f010:   0000000000000000 00000000a03626f0
0x000000001008f020:   000000000c267800 00000000025f2b01
0x000000001008f030:   0000000000000003 00000000e1c846f8
0x000000001008f040:   000000001008f030 00000000a03626f0
0x000000001008f050:   000000001008f0b0 00000000a036c570 

Instructions: (pc=0x00000000693878bd)
0x000000006938789d:   48 8b 7c 24 30 48 83 c4 38 c3 56 53 48 83 ec 48
0x00000000693878ad:   48 89 cb be 00 00 00 00 48 85 c9 74 5f 48 8b 01
0x00000000693878bd:   48 8b 48 58 e8 8f c0 fb ff 48 89 d9 e8 4c fa ff
0x00000000693878cd:   ff 89 c6 c7 44 24 30 00 00 00 00 c7 44 24 28 00 


Register to memory mapping:

RAX=0x0000000000000000 is an unknown value
RBX=0x000000000f42a488 is an unknown value
RCX=0x000000000f42a488 is an unknown value
RDX=0x000000001008f0b0 is pointing into the stack for thread: 0x000000000c267800
RSP=0x000000001008ef60 is pointing into the stack for thread: 0x000000000c267800
RBP=0x000000001008f080 is pointing into the stack for thread: 0x000000000c267800
RSI=0x0000000000000000 is an unknown value
RDI=0x0000000000000000 is an unknown value
R8 =0x000000000f42a488 is an unknown value
R9 =0x000000000c1db6b0 is an unknown value
R10=0x00000000025f2d77 is an Interpreter codelet
method entry point (kind = native_synchronized)  [0x00000000025f2980, 0x00000000025f3380]  2560 bytes
R11=0x000000005d460ca0 is an unknown value
R12=0x0000000000000000 is an unknown value
R13=0x00000000a03626f0 is an oop
{method} 
 - klass: {other class}
R14=0x000000001008f0b0 is pointing into the stack for thread: 0x000000000c267800
R15=0x000000000c267800 is a thread


Stack: [0x000000000ff90000,0x0000000010090000],  sp=0x000000001008ef60,  free space=1019k
Native frames: (J=compiled Java code, j=interpreted, Vv=VM code, C=native code)
C  [sqlite-3.7.2-sqlitejdbc.dll+0x478bd]  Java_org_sqlite_NativeDB_restore+0x44656
j  org.sqlite.RS.close()V+76
j  org.sqlite.Stmt.close()V+14
j  org.sqlite.Stmt.executeUpdate(Ljava/lang/String;)I+1
j  otg.Database.execute(Ljava/lang/String;)V+5
j  otg.MainWindow.updateUserInterface()I+63
j  otg.DungeonMasterUI.feedValue()V+12
j  otg.DungeonMasterUI$1.run()V+9
j  java.lang.Thread.run()V+11
v  ~StubRoutines::call_stub

Java frames: (J=compiled Java code, j=interpreted, Vv=VM code)
j  org.sqlite.NativeDB.reset(J)I+0
j  org.sqlite.RS.close()V+76
j  org.sqlite.Stmt.close()V+14
j  org.sqlite.Stmt.executeUpdate(Ljava/lang/String;)I+1
j  otg.Database.execute(Ljava/lang/String;)V+5
j  otg.MainWindow.updateUserInterface()I+63
j  otg.DungeonMasterUI.feedValue()V+12
j  otg.DungeonMasterUI$1.run()V+9
j  java.lang.Thread.run()V+11
v  ~StubRoutines::call_stub

---------------  P R O C E S S  ---------------

Java Threads: ( => current thread )
  0x000000000c26b800 JavaThread "Thread-24" [_thread_blocked, id=3960, stack(0x000000000fe90000,0x000000000ff90000)]
  0x000000000c26a800 JavaThread "Thread-23" [_thread_in_Java, id=3768, stack(0x00000000108f0000,0x00000000109f0000)]
  0x000000000c26a000 JavaThread "Thread-22" [_thread_blocked, id=1240, stack(0x0000000010330000,0x0000000010430000)]
  0x000000000c269000 JavaThread "Thread-21" [_thread_blocked, id=2032, stack(0x00000000101e0000,0x00000000102e0000)]
  0x000000000c268800 JavaThread "Thread-20" [_thread_blocked, id=5780, stack(0x00000000100b0000,0x00000000101b0000)]
=>0x000000000c267800 JavaThread "Thread-19" [_thread_in_native, id=3668, stack(0x000000000ff90000,0x0000000010090000)]
  0x000000000c267000 JavaThread "Thread-18" [_thread_blocked, id=3880, stack(0x000000000fd60000,0x000000000fe60000)]
  0x000000000c266000 JavaThread "Thread-17" [_thread_blocked, id=6756, stack(0x000000000fa60000,0x000000000fb60000)]
  0x000000000c265800 JavaThread "Thread-16" [_thread_blocked, id=1596, stack(0x000000000f940000,0x000000000fa40000)]
  0x000000000c264800 JavaThread "Thread-15" [_thread_blocked, id=4512, stack(0x000000000f1d0000,0x000000000f2d0000)]
  0x000000000c264000 JavaThread "Thread-14" [_thread_blocked, id=2976, stack(0x000000000f830000,0x000000000f930000)]
  0x000000000c263000 JavaThread "Thread-13" [_thread_blocked, id=4492, stack(0x000000000f670000,0x000000000f770000)]
  0x000000000c262800 JavaThread "Thread-12" [_thread_blocked, id=3004, stack(0x000000000f2d0000,0x000000000f3d0000)]
  0x000000000c261800 JavaThread "Thread-11" [_thread_blocked, id=7064, stack(0x000000000bc50000,0x000000000bd50000)]
  0x000000000c261000 JavaThread "Thread-10" [_thread_blocked, id=5756, stack(0x000000000f0c0000,0x000000000f1c0000)]
  0x000000000c260000 JavaThread "Thread-9" [_thread_blocked, id=6672, stack(0x000000000ef00000,0x000000000f000000)]
  0x000000000c25a000 JavaThread "Thread-8" [_thread_blocked, id=5340, stack(0x000000000ed90000,0x000000000ee90000)]
  0x000000000c212000 JavaThread "Thread-7" [_thread_blocked, id=6492, stack(0x000000000ec90000,0x000000000ed90000)]
  0x000000000c1f2000 JavaThread "Thread-6" [_thread_blocked, id=4996, stack(0x000000000eb00000,0x000000000ec00000)]
  0x000000000c1ef000 JavaThread "Thread-5" [_thread_blocked, id=5712, stack(0x000000000e880000,0x000000000e980000)]
  0x000000000bfa5000 JavaThread "Thread-3" [_thread_blocked, id=4580, stack(0x000000000c960000,0x000000000ca60000)]
  0x000000000c0a0000 JavaThread "Thread-2" [_thread_blocked, id=6876, stack(0x000000000d670000,0x000000000d770000)]
  0x000000000c17d800 JavaThread "AWT-EventQueue-0" [_thread_blocked, id=3076, stack(0x000000000d510000,0x000000000d610000)]
  0x000000000bf2d000 JavaThread "Image Fetcher 0" daemon [_thread_blocked, id=4664, stack(0x000000000cf10000,0x000000000d010000)]
  0x000000000beb1000 JavaThread "AWT-Windows" daemon [_thread_in_native, id=580, stack(0x000000000ce10000,0x000000000cf10000)]
  0x000000000bec7800 JavaThread "AWT-Shutdown" [_thread_blocked, id=5484, stack(0x000000000cc20000,0x000000000cd20000)]
  0x000000000bee5800 JavaThread "Java2D Disposer" daemon [_thread_blocked, id=5500, stack(0x000000000ca80000,0x000000000cb80000)]
  0x000000000237e000 JavaThread "DestroyJavaVM" [_thread_blocked, id=3716, stack(0x0000000002410000,0x0000000002510000)]
  0x000000000a1ce000 JavaThread "Service Thread" daemon [_thread_blocked, id=6600, stack(0x000000000b9a0000,0x000000000baa0000)]
  0x000000000a1cd000 JavaThread "C2 CompilerThread1" daemon [_thread_blocked, id=6688, stack(0x000000000b7c0000,0x000000000b8c0000)]
  0x000000000a1c8000 JavaThread "C2 CompilerThread0" daemon [_thread_blocked, id=6784, stack(0x000000000b5d0000,0x000000000b6d0000)]
  0x000000000a1c6000 JavaThread "Attach Listener" daemon [_thread_blocked, id=7024, stack(0x0000000005ae0000,0x0000000005be0000)]
  0x000000000a1bf000 JavaThread "Signal Dispatcher" daemon [_thread_blocked, id=6864, stack(0x000000000b420000,0x000000000b520000)]
  0x0000000002346000 JavaThread "Finalizer" daemon [_thread_blocked, id=6096, stack(0x000000000b000000,0x000000000b100000)]
  0x000000000233f000 JavaThread "Reference Handler" daemon [_thread_blocked, id=4660, stack(0x000000000b310000,0x000000000b410000)]

Other Threads:
  0x000000000a142800 VMThread [stack: 0x000000000b150000,0x000000000b250000] [id=6940]
  0x000000000a1e9000 WatcherThread [stack: 0x000000000bad0000,0x000000000bbd0000] [id=4752]

VM state:not at safepoint (normal execution)

VM Mutex/Monitor currently owned by a thread: None

Heap
 PSYoungGen      total 27136K, used 4442K [0x00000000e1b60000, 0x00000000e5060000, 0x0000000000000000)
  eden space 23296K, 10% used [0x00000000e1b60000,0x00000000e1dc5e70,0x00000000e3220000)
  from space 3840K, 51% used [0x00000000e3220000,0x00000000e3410bf8,0x00000000e35e0000)
  to   space 3840K, 0% used [0x00000000e4ca0000,0x00000000e4ca0000,0x00000000e5060000)
 ParOldGen       total 62080K, used 16236K [0x00000000a5200000, 0x00000000a8ea0000, 0x00000000e1b60000)
  object space 62080K, 26% used [0x00000000a5200000,0x00000000a61db068,0x00000000a8ea0000)
 PSPermGen       total 21248K, used 9331K [0x00000000a0000000, 0x00000000a14c0000, 0x00000000a5200000)
  object space 21248K, 43% used [0x00000000a0000000,0x00000000a091cc20,0x00000000a14c0000)

Code Cache  [0x00000000025e0000, 0x0000000002850000, 0x00000000055e0000)
 total_blobs=417 nmethods=36 adapters=333 free_code_cache=48602Kb largest_free_block=49747136

Compilation events (10 events):
Event: 0.646 Thread 0x000000000a1c8000   29             java.util.Arrays::binarySearch0 (95 bytes)
Event: 0.649 Thread 0x000000000a1c8000 nmethod 29 0x0000000002666710 code [0x0000000002666860, 0x0000000002666a18]
Event: 0.651 Thread 0x000000000a1cd000   30             java.nio.HeapByteBuffer::_get (7 bytes)
Event: 0.652 Thread 0x000000000a1cd000 nmethod 30 0x0000000002666490 code [0x00000000026665c0, 0x0000000002666658]
Event: 0.708 Thread 0x000000000a1c8000   31             java.util.HashMap::indexFor (6 bytes)
Event: 0.709 Thread 0x000000000a1c8000 nmethod 31 0x000000000264d3d0 code [0x000000000264d500, 0x000000000264d538]
Event: 0.725 Thread 0x000000000a1cd000   32             java.lang.String::startsWith (78 bytes)
Event: 0.728 Thread 0x000000000a1cd000 nmethod 32 0x0000000002669790 code [0x00000000026698c0, 0x0000000002669a58]
Event: 0.767 Thread 0x000000000a1c8000   33             java.util.HashMap::hash (23 bytes)
Event: 0.767 Thread 0x000000000a1c8000 nmethod 33 0x000000000266ba90 code [0x000000000266bbc0, 0x000000000266bc18]

GC Heap History (2 events):
Event: 0.735 GC heap before
{Heap before GC invocations=1 (full 0):
 PSYoungGen      total 27136K, used 23296K [0x00000000e1b60000, 0x00000000e39a0000, 0x0000000000000000)
  eden space 23296K, 100% used [0x00000000e1b60000,0x00000000e3220000,0x00000000e3220000)
  from space 3840K, 0% used [0x00000000e35e0000,0x00000000e35e0000,0x00000000e39a0000)
  to   space 3840K, 0% used [0x00000000e3220000,0x00000000e3220000,0x00000000e35e0000)
 ParOldGen       total 62080K, used 0K [0x00000000a5200000, 0x00000000a8ea0000, 0x00000000e1b60000)
  object space 62080K, 0% used [0x00000000a5200000,0x00000000a5200000,0x00000000a8ea0000)
 PSPermGen       total 21248K, used 9236K [0x00000000a0000000, 0x00000000a14c0000, 0x00000000a5200000)
  object space 21248K, 43% used [0x00000000a0000000,0x00000000a09052e0,0x00000000a14c0000)
Event: 0.756 GC heap after
Heap after GC invocations=1 (full 0):
 PSYoungGen      total 27136K, used 1986K [0x00000000e1b60000, 0x00000000e5060000, 0x0000000000000000)
  eden space 23296K, 0% used [0x00000000e1b60000,0x00000000e1b60000,0x00000000e3220000)
  from space 3840K, 51% used [0x00000000e3220000,0x00000000e3410bf8,0x00000000e35e0000)
  to   space 3840K, 0% used [0x00000000e4ca0000,0x00000000e4ca0000,0x00000000e5060000)
 ParOldGen       total 62080K, used 16236K [0x00000000a5200000, 0x00000000a8ea0000, 0x00000000e1b60000)
  object space 62080K, 26% used [0x00000000a5200000,0x00000000a61db068,0x00000000a8ea0000)
 PSPermGen       total 21248K, used 9236K [0x00000000a0000000, 0x00000000a14c0000, 0x00000000a5200000)
  object space 21248K, 43% used [0x00000000a0000000,0x00000000a09052e0,0x00000000a14c0000)
}

Deoptimization events (2 events):
Event: 0.286 Thread 0x000000000a218000 Uncommon trap 18 fr.pc 0x000000000264816c
Event: 0.286 Thread 0x000000000a218000 Uncommon trap -83 fr.pc 0x0000000002646a98

Internal exceptions (10 events):
Event: 0.763 Thread 0x000000000c267800 Threw 0x00000000e1c8c170 at C:\jdk7u1_64p\jdk7u5\hotspot\src\share\vm\interpreter\interpreterRuntime.cpp:362
Event: 0.764 Thread 0x000000000c267800 Threw 0x00000000e1c8c5a8 at C:\jdk7u1_64p\jdk7u5\hotspot\src\share\vm\interpreter\interpreterRuntime.cpp:362
Event: 0.764 Thread 0x000000000c267800 Threw 0x00000000e1c8d7f8 at C:\jdk7u1_64p\jdk7u5\hotspot\src\share\vm\interpreter\interpreterRuntime.cpp:362
Event: 0.764 Thread 0x000000000c267800 Threw 0x00000000e1c8dc28 at C:\jdk7u1_64p\jdk7u5\hotspot\src\share\vm\interpreter\interpreterRuntime.cpp:362
Event: 0.765 Thread 0x000000000c267800 Threw 0x00000000e1c8ee80 at C:\jdk7u1_64p\jdk7u5\hotspot\src\share\vm\interpreter\interpreterRuntime.cpp:362
Event: 0.765 Thread 0x000000000c267800 Threw 0x00000000e1c8f2b8 at C:\jdk7u1_64p\jdk7u5\hotspot\src\share\vm\interpreter\interpreterRuntime.cpp:362
Event: 0.766 Thread 0x000000000c267800 Threw 0x00000000e1c90510 at C:\jdk7u1_64p\jdk7u5\hotspot\src\share\vm\interpreter\interpreterRuntime.cpp:362
Event: 0.766 Thread 0x000000000c267800 Threw 0x00000000e1c90948 at C:\jdk7u1_64p\jdk7u5\hotspot\src\share\vm\interpreter\interpreterRuntime.cpp:362
Event: 0.768 Thread 0x000000000c26a000 Threw 0x00000000e1d71168 at C:\jdk7u1_64p\jdk7u5\hotspot\src\share\vm\interpreter\interpreterRuntime.cpp:362
Event: 0.768 Thread 0x000000000c267800 Threw 0x00000000e1c92868 at C:\jdk7u1_64p\jdk7u5\hotspot\src\share\vm\interpreter\interpreterRuntime.cpp:362

Events (10 events):
Event: 0.723 Thread 0x000000000c266000 Thread added: 0x000000000c266000
Event: 0.724 Thread 0x000000000c267000 Thread added: 0x000000000c267000
Event: 0.735 Thread 0x000000000c267800 Thread added: 0x000000000c267800
Event: 0.735 Thread 0x000000000c268800 Thread added: 0x000000000c268800
Event: 0.735 Executing VM operation: ParallelGCFailedAllocation
Event: 0.756 Executing VM operation: ParallelGCFailedAllocation done
Event: 0.756 loading class 0x000000000a22d8c0
Event: 0.758 loading class 0x000000000a22d8c0 done
Event: 0.767 Thread 0x000000000c269000 Thread added: 0x000000000c269000
Event: 0.767 Thread 0x000000000c26a000 Thread added: 0x000000000c26a000


Dynamic libraries:
0x000000003f980000 - 0x000000003f9b4000 	C:\Program Files\Java\jre7\bin\javaw.exe
0x0000000077840000 - 0x00000000779e9000 	C:\Windows\SYSTEM32\ntdll.dll
0x0000000077720000 - 0x000000007783f000 	C:\Windows\system32\kernel32.dll
0x00000000fd960000 - 0x00000000fd9cb000 	C:\Windows\system32\KERNELBASE.dll
0x00000000fdc60000 - 0x00000000fdd3b000 	C:\Windows\system32\ADVAPI32.dll
0x00000000fe190000 - 0x00000000fe22f000 	C:\Windows\system32\msvcrt.dll
0x00000000fea10000 - 0x00000000fea2f000 	C:\Windows\SYSTEM32\sechost.dll
0x00000000fe6a0000 - 0x00000000fe7cd000 	C:\Windows\system32\RPCRT4.dll
0x0000000077620000 - 0x000000007771a000 	C:\Windows\system32\USER32.dll
0x00000000fe7d0000 - 0x00000000fe837000 	C:\Windows\system32\GDI32.dll
0x00000000fe960000 - 0x00000000fe96e000 	C:\Windows\system32\LPK.dll
0x00000000fe240000 - 0x00000000fe309000 	C:\Windows\system32\USP10.dll
0x00000000fc1f0000 - 0x00000000fc3e4000 	C:\Windows\WinSxS\amd64_microsoft.windows.common-controls_6595b64144ccf1df_6.0.7601.17514_none_fa396087175ac9ac\COMCTL32.dll
0x00000000fe110000 - 0x00000000fe181000 	C:\Windows\system32\SHLWAPI.dll
0x00000000fe670000 - 0x00000000fe69e000 	C:\Windows\system32\IMM32.DLL
0x00000000fe000000 - 0x00000000fe109000 	C:\Windows\system32\MSCTF.dll
0x00000000fd770000 - 0x00000000fd78d000 	c:\PROGRA~1\BULLGU~1\BULLGU~1\BgAgent.dll
0x00000000fd5f0000 - 0x00000000fd611000 	C:\Windows\system32\BgGamingMonitor.dll
0x0000000066160000 - 0x0000000066231000 	C:\Program Files\Java\jre7\bin\msvcr100.dll
0x000000005d2a0000 - 0x000000005d9ba000 	C:\Program Files\Java\jre7\bin\server\jvm.dll
0x00000000f0690000 - 0x00000000f0699000 	C:\Windows\system32\WSOCK32.dll
0x00000000fe310000 - 0x00000000fe35d000 	C:\Windows\system32\WS2_32.dll
0x00000000fe230000 - 0x00000000fe238000 	C:\Windows\system32\NSI.dll
0x00000000fb260000 - 0x00000000fb29b000 	C:\Windows\system32\WINMM.dll
0x0000000077a10000 - 0x0000000077a17000 	C:\Windows\system32\PSAPI.DLL
0x0000000067bf0000 - 0x0000000067bff000 	C:\Program Files\Java\jre7\bin\verify.dll
0x0000000067bc0000 - 0x0000000067be8000 	C:\Program Files\Java\jre7\bin\java.dll
0x0000000067ba0000 - 0x0000000067bb5000 	C:\Program Files\Java\jre7\bin\zip.dll
0x0000000069340000 - 0x00000000693c5000 	C:\Users\Christian\AppData\Local\Temp\sqlite-3.7.2-sqlitejdbc.dll
0x0000000065750000 - 0x00000000658e4000 	C:\Program Files\Java\jre7\bin\awt.dll
0x00000000fdb60000 - 0x00000000fdc37000 	C:\Windows\system32\OLEAUT32.dll
0x00000000fea30000 - 0x00000000fec33000 	C:\Windows\system32\ole32.dll
0x00000000fb9a0000 - 0x00000000fb9b8000 	C:\Windows\system32\DWMAPI.DLL
0x00000000fbd80000 - 0x00000000fbdd6000 	C:\Windows\system32\uxtheme.dll
0x00000000f0740000 - 0x00000000f075e000 	C:\Program Files\BullGuard Ltd\BullGuard\spamfilter\LittleHook.dll
0x00000000f4c90000 - 0x00000000f4d0f000 	C:\Program Files\Common Files\microsoft shared\ink\tiptsf.dll
0x00000000fc880000 - 0x00000000fc88c000 	C:\Windows\system32\version.dll
0x00000000fd660000 - 0x00000000fd66f000 	C:\Windows\system32\CRYPTBASE.dll
0x00000000fec40000 - 0x00000000ff9c8000 	C:\Windows\system32\SHELL32.dll
0x0000000066310000 - 0x0000000066340000 	C:\Program Files\Java\jre7\bin\jpeg.dll
0x0000000067960000 - 0x0000000067994000 	C:\Program Files\Java\jre7\bin\fontmanager.dll
0x0000000067a50000 - 0x0000000067a69000 	C:\Program Files\Java\jre7\bin\net.dll
0x00000000fcf70000 - 0x00000000fcfc5000 	C:\Windows\system32\mswsock.dll
0x00000000fcf60000 - 0x00000000fcf67000 	C:\Windows\System32\wship6.dll
0x00000000679d0000 - 0x00000000679e1000 	C:\Program Files\Java\jre7\bin\nio.dll
0x0000000067080000 - 0x00000000670c1000 	C:\Program Files\Java\jre7\bin\t2k.dll
0x00000000fe970000 - 0x00000000fea09000 	C:\Windows\system32\CLBCatQ.DLL
0x00000000fb780000 - 0x00000000fb7d4000 	C:\Windows\system32\oleacc.dll
0x00000000f66c0000 - 0x00000000f67e5000 	C:\Windows\system32\dbghelp.dll

VM Arguments:
jvm_args: -Dfile.encoding=Cp1252 
java_command: otg.MainWindow
Launcher Type: SUN_STANDARD

Environment Variables:
CLASSPATH=.;C:\Program Files (x86)\Java\jre7\lib\ext\QTJava.zip
PATH=C:\Windows\system32;C:\Windows;C:\Windows\system32\wbem;C:\Program Files\ImageMagick-6.8.3-Q16;C:\Program Files (x86)\NVIDIA Corporation\PhysX\Common;C:\Program Files\Common Files\Microsoft Shared\Windows Live;C:\Windows\System32\WindowsPowerShell\v1.0;C:\Program Files\Common Files\Autodesk Shared;C:\Program Files\TortoiseSVN\bin;C:\Program Files\Java\jdk1.6.0_24\bin;C:\Program Files\Java\jre6\bin;C:\Program Files (x86)\Autodesk\Backburner;C:\Program Files\Java\jdk1.7.0_05\bin;C:\Program Files (x86)\Microchip\MPLAB C32 Suite\bin;C:\Program Files (x86)\Livestreamer;C:\Program Files (x86)\QuickTime\QTSystem;C:\Android;C:\Program Files\Common Files\Microsoft Shared\Windows Live;C:\Program Files (x86)\OpenVPN\bin
USERNAME=Christian
OS=Windows_NT
PROCESSOR_IDENTIFIER=Intel64 Family 6 Model 37 Stepping 5, GenuineIntel



---------------  S Y S T E M  ---------------

OS: Windows 7 , 64 bit Build 7601 Service Pack 1

CPU:total 4 (2 cores per cpu, 2 threads per core) family 6 model 37 stepping 5, cmov, cx8, fxsr, mmx, sse, sse2, sse3, ssse3, sse4.1, sse4.2, popcnt, ht, tsc, tscinvbit

Memory: 4k page, physical 5954260k(1413944k free), swap 11906664k(6728336k free)

vm_info: Java HotSpot(TM) 64-Bit Server VM (23.1-b03) for windows-amd64 JRE (1.7.0_05-b06), built on Jun 27 2012 00:54:58 by "java_re" with unknown MS VC++:1600

time: Sun Apr 07 01:24:56 2013
elapsed time: 0 seconds

